2019-12-07 22:52:13,028 INFO o.a.j.u.JMeterUtils: Setting Locale to en_EN
2019-12-07 22:52:13,093 INFO o.a.j.JMeter: Loading user properties from: C:\Users\tsushi\Apps\apache-jmeter-5.2.1\apache-jmeter-5.2.1\bin\user.properties
2019-12-07 22:52:13,107 INFO o.a.j.JMeter: Loading system properties from: C:\Users\tsushi\Apps\apache-jmeter-5.2.1\apache-jmeter-5.2.1\bin\system.properties
2019-12-07 22:52:13,110 INFO o.a.j.JMeter: Copyright (c) 1998-2019 The Apache Software Foundation
2019-12-07 22:52:13,110 INFO o.a.j.JMeter: Version 5.2.1
2019-12-07 22:52:13,110 INFO o.a.j.JMeter: java.version=1.8.0_201
2019-12-07 22:52:13,110 INFO o.a.j.JMeter: java.vm.name=Java HotSpot(TM) 64-Bit Server VM
2019-12-07 22:52:13,110 INFO o.a.j.JMeter: os.name=Windows 10
2019-12-07 22:52:13,110 INFO o.a.j.JMeter: os.arch=amd64
2019-12-07 22:52:13,110 INFO o.a.j.JMeter: os.version=10.0
2019-12-07 22:52:13,110 INFO o.a.j.JMeter: file.encoding=Cp1252
2019-12-07 22:52:13,110 INFO o.a.j.JMeter: java.awt.headless=true
2019-12-07 22:52:13,110 INFO o.a.j.JMeter: Max memory     =1073741824
2019-12-07 22:52:13,110 INFO o.a.j.JMeter: Available Processors =8
2019-12-07 22:52:13,117 INFO o.a.j.JMeter: Default Locale=English (EN)
2019-12-07 22:52:13,117 INFO o.a.j.JMeter: JMeter  Locale=English (EN)
2019-12-07 22:52:13,117 INFO o.a.j.JMeter: JMeterHome=C:\Users\tsushi\Apps\apache-jmeter-5.2.1\apache-jmeter-5.2.1
2019-12-07 22:52:13,117 INFO o.a.j.JMeter: user.dir  =C:\Users\tsushi\Codes\EpiStorageService\volley\pkg\cmd
2019-12-07 22:52:13,118 INFO o.a.j.JMeter: PWD       =C:\Users\tsushi\Codes\EpiStorageService\volley\pkg\cmd
2019-12-07 22:52:13,121 INFO o.a.j.JMeter: IP: 10.0.0.193 Name: DESKTOP-SDE49UK FullName: host.docker.internal
2019-12-07 22:52:13,124 INFO o.a.j.JMeter: Setting property 'jmeter.reportgenerator.outputdir' to:'C:\Users\tsushi\Codes\EpiStorageService\volley\pkg\cmd\job\3e33bf86-1987-11ea-8044-00155dbfa011\report'
2019-12-07 22:52:13,129 INFO o.a.j.s.FileServer: Default base='C:\Users\tsushi\Codes\EpiStorageService\volley\pkg\cmd'
2019-12-07 22:52:13,141 INFO o.a.j.s.FileServer: Set new base='C:\Users\tsushi\Codes\EpiStorageService\volley\pkg\cmd\config\e300b8ed-124e-404b-b2ff-8287d38634cd'
2019-12-07 22:52:13,411 INFO o.a.j.s.SaveService: Testplan (JMX) version: 2.2. Testlog (JTL) version: 2.2
2019-12-07 22:52:13,431 INFO o.a.j.s.SaveService: Using SaveService properties file encoding UTF-8
2019-12-07 22:52:13,441 INFO o.a.j.s.SaveService: Using SaveService properties version 5.0
2019-12-07 22:52:13,450 INFO o.a.j.s.SaveService: Loading file: config\e300b8ed-124e-404b-b2ff-8287d38634cd\DocumentApi.jmx
2019-12-07 22:52:13,543 INFO o.a.j.p.h.s.HTTPSamplerBase: Parser for text/html is org.apache.jmeter.protocol.http.parser.LagartoBasedHtmlParser
2019-12-07 22:52:13,543 INFO o.a.j.p.h.s.HTTPSamplerBase: Parser for application/xhtml+xml is org.apache.jmeter.protocol.http.parser.LagartoBasedHtmlParser
2019-12-07 22:52:13,544 INFO o.a.j.p.h.s.HTTPSamplerBase: Parser for application/xml is org.apache.jmeter.protocol.http.parser.LagartoBasedHtmlParser
2019-12-07 22:52:13,544 INFO o.a.j.p.h.s.HTTPSamplerBase: Parser for text/xml is org.apache.jmeter.protocol.http.parser.LagartoBasedHtmlParser
2019-12-07 22:52:13,544 INFO o.a.j.p.h.s.HTTPSamplerBase: Parser for text/vnd.wap.wml is org.apache.jmeter.protocol.http.parser.RegexpHTMLParser
2019-12-07 22:52:13,544 INFO o.a.j.p.h.s.HTTPSamplerBase: Parser for text/css is org.apache.jmeter.protocol.http.parser.CssParser
2019-12-07 22:52:13,614 INFO o.a.j.JMeter: Creating summariser <summary>
2019-12-07 22:52:13,622 INFO o.a.j.r.d.ReportGenerator: ReportGenerator will use for Parsing the separator: ','
2019-12-07 22:52:13,623 INFO o.a.j.r.d.ReportGenerator: Will generate report at end of test from  results file: job\3e33bf86-1987-11ea-8044-00155dbfa011\stress.log
2019-12-07 22:52:13,623 INFO o.a.j.r.d.ReportGenerator: Reading report generator properties from: C:\Users\tsushi\Apps\apache-jmeter-5.2.1\apache-jmeter-5.2.1\bin\reportgenerator.properties
2019-12-07 22:52:13,634 INFO o.a.j.r.d.ReportGenerator: Merging with JMeter properties
2019-12-07 22:52:13,641 INFO o.a.j.r.c.ReportGeneratorConfiguration: Property 'jmeter.reportgenerator.temp_dir' not found, using default value 'temp' instead.
2019-12-07 22:52:13,645 INFO o.a.j.r.c.ReportGeneratorConfiguration: Property 'jmeter.reportgenerator.apdex_per_transaction' not found, using default value 'null' instead.
2019-12-07 22:52:13,645 INFO o.a.j.r.c.ReportGeneratorConfiguration: apdex_per_transaction is empty, not APDEX per transaction customization
2019-12-07 22:52:13,645 INFO o.a.j.r.c.ReportGeneratorConfiguration: Property 'jmeter.reportgenerator.sample_filter' not found, using default value 'null' instead.
2019-12-07 22:52:13,645 INFO o.a.j.r.c.ReportGeneratorConfiguration: Property 'jmeter.reportgenerator.report_title' not found, using default value 'null' instead.
2019-12-07 22:52:13,645 INFO o.a.j.r.c.ReportGeneratorConfiguration: Property 'jmeter.reportgenerator.start_date' not found, using default value 'null' instead.
2019-12-07 22:52:13,645 INFO o.a.j.r.c.ReportGeneratorConfiguration: Property 'jmeter.reportgenerator.end_date' not found, using default value 'null' instead.
2019-12-07 22:52:13,645 INFO o.a.j.r.c.ReportGeneratorConfiguration: Property 'jmeter.reportgenerator.date_format' not found, using default value 'null' instead.
2019-12-07 22:52:13,650 INFO o.a.j.r.c.ReportGeneratorConfiguration: Will use date range start date: null, end date: null
2019-12-07 22:52:13,658 INFO o.a.j.r.c.ReportGeneratorConfiguration: Property 'jmeter.reportgenerator.graph.totalTPS.exclude_controllers' not found, using default value 'false' instead.
2019-12-07 22:52:13,659 INFO o.a.j.r.c.ReportGeneratorConfiguration: Property 'jmeter.reportgenerator.graph.activeThreadsOverTime.exclude_controllers' not found, using default value 'false' instead.
2019-12-07 22:52:13,659 INFO o.a.j.r.c.ReportGeneratorConfiguration: Property 'jmeter.reportgenerator.graph.timeVsThreads.exclude_controllers' not found, using default value 'false' instead.
2019-12-07 22:52:13,659 INFO o.a.j.r.c.ReportGeneratorConfiguration: Property 'jmeter.reportgenerator.graph.responseTimeDistribution.exclude_controllers' not found, using default value 'false' instead.
2019-12-07 22:52:13,659 INFO o.a.j.r.c.ReportGeneratorConfiguration: Property 'jmeter.reportgenerator.graph.transactionsPerSecond.exclude_controllers' not found, using default value 'false' instead.
2019-12-07 22:52:13,659 INFO o.a.j.r.c.ReportGeneratorConfiguration: Property 'jmeter.reportgenerator.graph.responseTimePercentiles.exclude_controllers' not found, using default value 'false' instead.
2019-12-07 22:52:13,660 INFO o.a.j.r.c.ReportGeneratorConfiguration: Property 'jmeter.reportgenerator.graph.responseTimePercentilesOverTime.exclude_controllers' not found, using default value 'false' instead.
2019-12-07 22:52:13,660 INFO o.a.j.r.c.ReportGeneratorConfiguration: Property 'jmeter.reportgenerator.graph.responseTimesOverTime.exclude_controllers' not found, using default value 'false' instead.
2019-12-07 22:52:13,660 INFO o.a.j.r.c.ReportGeneratorConfiguration: Property 'jmeter.reportgenerator.graph.connectTimeOverTime.exclude_controllers' not found, using default value 'false' instead.
2019-12-07 22:52:13,660 INFO o.a.j.r.c.ReportGeneratorConfiguration: Property 'jmeter.reportgenerator.graph.latenciesOverTime.exclude_controllers' not found, using default value 'false' instead.
2019-12-07 22:52:13,662 INFO o.a.j.r.c.ReportGeneratorConfiguration: Property 'jmeter.reportgenerator.exporter.json.filters_only_sample_series' not found, using default value 'true' instead.
2019-12-07 22:52:13,662 INFO o.a.j.r.c.ReportGeneratorConfiguration: Property 'jmeter.reportgenerator.exporter.json.series_filter' not found, using default value '' instead.
2019-12-07 22:52:13,662 INFO o.a.j.r.c.ReportGeneratorConfiguration: Property 'jmeter.reportgenerator.exporter.json.show_controllers_only' not found, using default value 'false' instead.
2019-12-07 22:52:13,663 INFO o.a.j.r.c.ReportGeneratorConfiguration: Property 'jmeter.reportgenerator.exporter.html.filters_only_sample_series' not found, using default value 'true' instead.
2019-12-07 22:52:13,663 INFO o.a.j.r.c.ReportGeneratorConfiguration: Property 'jmeter.reportgenerator.exporter.html.series_filter' not found, using default value '' instead.
2019-12-07 22:52:13,663 INFO o.a.j.r.c.ReportGeneratorConfiguration: Property 'jmeter.reportgenerator.exporter.html.show_controllers_only' not found, using default value 'false' instead.
2019-12-07 22:52:13,671 INFO o.a.j.e.StandardJMeterEngine: Running the test!
2019-12-07 22:52:13,675 INFO o.a.j.s.SampleEvent: List of sample_variables: []
2019-12-07 22:52:13,675 INFO o.a.j.s.SampleEvent: List of sample_variables: []
2019-12-07 22:52:13,683 INFO o.a.j.e.u.CompoundVariable: Note: Function class names must contain the string: '.functions.'
2019-12-07 22:52:13,683 INFO o.a.j.e.u.CompoundVariable: Note: Function class names must not contain the string: '.gui.'
2019-12-07 22:52:14,160 INFO o.a.j.JMeter: Running test (1575787934160)
2019-12-07 22:52:14,195 INFO o.a.j.e.StandardJMeterEngine: Starting ThreadGroup: 1 : Ultimate Thread Group - addNew
2019-12-07 22:52:14,195 INFO o.a.j.e.StandardJMeterEngine: Starting 300 threads for group Ultimate Thread Group - addNew.
2019-12-07 22:52:14,195 INFO o.a.j.e.StandardJMeterEngine: Thread will continue on error
2019-12-07 22:52:14,195 INFO k.a.j.t.AbstractSimpleThreadGroup: Starting thread group number 1 threads 300
2019-12-07 22:52:14,514 INFO k.a.j.t.AbstractSimpleThreadGroup: Started thread group number 1
2019-12-07 22:52:14,515 INFO o.a.j.e.StandardJMeterEngine: Waiting for thread group: Ultimate Thread Group - addNew to finish before starting next group
2019-12-07 22:52:14,558 INFO o.a.j.t.JMeterThread: Thread started: Ultimate Thread Group - addNew 1-27
2019-12-07 22:52:14,559 INFO o.a.j.t.JMeterThread: Thread started: Ultimate Thread Group - addNew 1-19
2019-12-07 22:52:14,559 INFO o.a.j.t.JMeterThread: Thread started: Ultimate Thread Group - addNew 1-14
2019-12-07 22:52:14,560 INFO o.a.j.t.JMeterThread: Thread started: Ultimate Thread Group - addNew 1-32
2019-12-07 22:52:14,560 INFO o.a.j.t.JMeterThread: Thread started: Ultimate Thread Group - addNew 1-15
2019-12-07 22:52:14,561 INFO o.a.j.t.JMeterThread: Thread started: Ultimate Thread Group - addNew 1-21
2019-12-07 22:52:14,561 INFO o.a.j.t.JMeterThread: Thread started: Ultimate Thread Group - addNew 1-2
2019-12-07 22:52:14,562 INFO o.a.j.t.JMeterThread: Thread started: Ultimate Thread Group - addNew 1-29
2019-12-07 22:52:14,562 INFO o.a.j.t.JMeterThread: Thread started: Ultimate Thread Group - addNew 1-1
2019-12-07 22:52:14,562 INFO o.a.j.t.JMeterThread: Thread started: Ultimate Thread Group - addNew 1-25
2019-12-07 22:52:14,563 INFO o.a.j.t.JMeterThread: Thread started: Ultimate Thread Group - addNew 1-40
2019-12-07 22:52:14,563 INFO o.a.j.t.JMeterThread: Thread started: Ultimate Thread Group - addNew 1-7
2019-12-07 22:52:14,564 INFO o.a.j.t.JMeterThread: Thread started: Ultimate Thread Group - addNew 1-37
2019-12-07 22:52:14,564 INFO o.a.j.t.JMeterThread: Thread started: Ultimate Thread Group - addNew 1-22
2019-12-07 22:52:14,564 INFO o.a.j.t.JMeterThread: Thread started: Ultimate Thread Group - addNew 1-16
2019-12-07 22:52:14,565 INFO o.a.j.t.JMeterThread: Thread started: Ultimate Thread Group - addNew 1-8
2019-12-07 22:52:14,565 INFO o.a.j.t.JMeterThread: Thread started: Ultimate Thread Group - addNew 1-18
2019-12-07 22:52:14,565 INFO o.a.j.t.JMeterThread: Thread started: Ultimate Thread Group - addNew 1-24
2019-12-07 22:52:14,565 INFO o.a.j.t.JMeterThread: Thread started: Ultimate Thread Group - addNew 1-38
2019-12-07 22:52:14,566 INFO o.a.j.t.JMeterThread: Thread started: Ultimate Thread Group - addNew 1-50
2019-12-07 22:52:14,566 INFO o.a.j.t.JMeterThread: Thread started: Ultimate Thread Group - addNew 1-20
2019-12-07 22:52:14,566 INFO o.a.j.t.JMeterThread: Thread started: Ultimate Thread Group - addNew 1-43
2019-12-07 22:52:14,566 INFO o.a.j.t.JMeterThread: Thread started: Ultimate Thread Group - addNew 1-11
2019-12-07 22:52:14,567 INFO o.a.j.t.JMeterThread: Thread started: Ultimate Thread Group - addNew 1-23
2019-12-07 22:52:14,566 INFO o.a.j.t.JMeterThread: Thread started: Ultimate Thread Group - addNew 1-26
2019-12-07 22:52:14,567 INFO o.a.j.t.JMeterThread: Thread started: Ultimate Thread Group - addNew 1-49
2019-12-07 22:52:14,567 INFO o.a.j.t.JMeterThread: Thread started: Ultimate Thread Group - addNew 1-35
2019-12-07 22:52:14,567 INFO o.a.j.t.JMeterThread: Thread started: Ultimate Thread Group - addNew 1-10
2019-12-07 22:52:14,568 INFO o.a.j.t.JMeterThread: Thread started: Ultimate Thread Group - addNew 1-6
2019-12-07 22:52:14,568 INFO o.a.j.t.JMeterThread: Thread started: Ultimate Thread Group - addNew 1-47
2019-12-07 22:52:14,568 INFO o.a.j.t.JMeterThread: Thread started: Ultimate Thread Group - addNew 1-13
2019-12-07 22:52:14,568 INFO o.a.j.t.JMeterThread: Thread started: Ultimate Thread Group - addNew 1-48
2019-12-07 22:52:14,568 INFO o.a.j.t.JMeterThread: Thread started: Ultimate Thread Group - addNew 1-45
2019-12-07 22:52:14,568 INFO o.a.j.t.JMeterThread: Thread started: Ultimate Thread Group - addNew 1-44
2019-12-07 22:52:14,569 INFO o.a.j.t.JMeterThread: Thread started: Ultimate Thread Group - addNew 1-46
2019-12-07 22:52:14,569 INFO o.a.j.t.JMeterThread: Thread started: Ultimate Thread Group - addNew 1-28
2019-12-07 22:52:14,569 INFO o.a.j.t.JMeterThread: Thread started: Ultimate Thread Group - addNew 1-39
2019-12-07 22:52:14,576 INFO o.a.j.t.JMeterThread: Thread started: Ultimate Thread Group - addNew 1-34
2019-12-07 22:52:14,576 INFO o.a.j.t.JMeterThread: Thread started: Ultimate Thread Group - addNew 1-4
2019-12-07 22:52:14,577 INFO o.a.j.s.FileServer: Stored: DocumentApi.csv Alias: DocumentApi.csv@1037854997
2019-12-07 22:52:14,578 INFO o.a.j.t.JMeterThread: Thread started: Ultimate Thread Group - addNew 1-9
2019-12-07 22:52:14,578 INFO o.a.j.t.JMeterThread: Thread started: Ultimate Thread Group - addNew 1-3
2019-12-07 22:52:14,583 INFO o.a.j.t.JMeterThread: Thread started: Ultimate Thread Group - addNew 1-30
2019-12-07 22:52:14,583 INFO o.a.j.t.JMeterThread: Thread started: Ultimate Thread Group - addNew 1-41
2019-12-07 22:52:14,583 INFO o.a.j.t.JMeterThread: Thread started: Ultimate Thread Group - addNew 1-31
2019-12-07 22:52:14,583 INFO o.a.j.t.JMeterThread: Thread started: Ultimate Thread Group - addNew 1-5
2019-12-07 22:52:14,584 INFO o.a.j.t.JMeterThread: Thread started: Ultimate Thread Group - addNew 1-17
2019-12-07 22:52:14,584 INFO o.a.j.t.JMeterThread: Thread started: Ultimate Thread Group - addNew 1-42
2019-12-07 22:52:14,585 INFO o.a.j.t.JMeterThread: Thread started: Ultimate Thread Group - addNew 1-33
2019-12-07 22:52:14,585 INFO o.a.j.t.JMeterThread: Thread started: Ultimate Thread Group - addNew 1-36
2019-12-07 22:52:14,585 INFO o.a.j.t.JMeterThread: Thread started: Ultimate Thread Group - addNew 1-12
2019-12-07 22:52:14,702 INFO o.a.j.p.h.s.HTTPHCAbstractImpl: Local host = DESKTOP-SDE49UK
2019-12-07 22:52:14,715 INFO o.a.j.p.h.s.HTTPHC4Impl: HTTP request retry count = 0
2019-12-07 22:52:14,719 INFO o.a.j.s.SampleResult: Note: Sample TimeStamps are START times
2019-12-07 22:52:14,719 INFO o.a.j.s.SampleResult: sampleresult.default.encoding is set to ISO-8859-1
2019-12-07 22:52:14,719 INFO o.a.j.s.SampleResult: sampleresult.useNanoTime=true
2019-12-07 22:52:14,719 INFO o.a.j.s.SampleResult: sampleresult.nanoThreadSleep=5000
2019-12-07 22:52:15,112 INFO o.a.j.p.h.s.h.LazyLayeredConnectionSocketFactory: Setting up HTTPS TrustAll Socket Factory
2019-12-07 22:52:15,136 INFO o.a.j.u.JsseSSLManager: Using default SSL protocol: TLS
2019-12-07 22:52:15,137 INFO o.a.j.u.JsseSSLManager: SSL session context: per-thread
2019-12-07 22:52:16,662 INFO o.a.j.u.SSLManager: JmeterKeyStore Location:  type JKS
2019-12-07 22:52:16,665 INFO o.a.j.u.SSLManager: KeyStore created OK
2019-12-07 22:52:16,665 WARN o.a.j.u.SSLManager: Keystore file not found, loading empty keystore
2019-12-07 22:52:24,195 INFO o.a.j.t.JMeterThread: Thread started: Ultimate Thread Group - addNew 1-57
2019-12-07 22:52:24,196 INFO o.a.j.t.JMeterThread: Thread started: Ultimate Thread Group - addNew 1-95
2019-12-07 22:52:24,197 INFO o.a.j.t.JMeterThread: Thread started: Ultimate Thread Group - addNew 1-90
2019-12-07 22:52:24,197 INFO o.a.j.t.JMeterThread: Thread started: Ultimate Thread Group - addNew 1-96
2019-12-07 22:52:24,197 INFO o.a.j.t.JMeterThread: Thread started: Ultimate Thread Group - addNew 1-99
2019-12-07 22:52:24,198 INFO o.a.j.t.JMeterThread: Thread started: Ultimate Thread Group - addNew 1-97
2019-12-07 22:52:24,198 INFO o.a.j.t.JMeterThread: Thread started: Ultimate Thread Group - addNew 1-88
2019-12-07 22:52:24,199 INFO o.a.j.t.JMeterThread: Thread started: Ultimate Thread Group - addNew 1-93
2019-12-07 22:52:24,199 INFO o.a.j.t.JMeterThread: Thread started: Ultimate Thread Group - addNew 1-89
2019-12-07 22:52:24,197 INFO o.a.j.t.JMeterThread: Thread started: Ultimate Thread Group - addNew 1-98
2019-12-07 22:52:24,200 INFO o.a.j.t.JMeterThread: Thread started: Ultimate Thread Group - addNew 1-76
2019-12-07 22:52:24,200 INFO o.a.j.t.JMeterThread: Thread started: Ultimate Thread Group - addNew 1-53
2019-12-07 22:52:24,200 INFO o.a.j.t.JMeterThread: Thread started: Ultimate Thread Group - addNew 1-56
2019-12-07 22:52:24,200 INFO o.a.j.t.JMeterThread: Thread started: Ultimate Thread Group - addNew 1-73
2019-12-07 22:52:24,200 INFO o.a.j.t.JMeterThread: Thread started: Ultimate Thread Group - addNew 1-77
2019-12-07 22:52:24,201 INFO o.a.j.t.JMeterThread: Thread started: Ultimate Thread Group - addNew 1-65
2019-12-07 22:52:24,200 INFO o.a.j.t.JMeterThread: Thread started: Ultimate Thread Group - addNew 1-72
2019-12-07 22:52:24,201 INFO o.a.j.t.JMeterThread: Thread started: Ultimate Thread Group - addNew 1-61
2019-12-07 22:52:24,201 INFO o.a.j.t.JMeterThread: Thread started: Ultimate Thread Group - addNew 1-68
2019-12-07 22:52:24,201 INFO o.a.j.t.JMeterThread: Thread started: Ultimate Thread Group - addNew 1-69
2019-12-07 22:52:24,201 INFO o.a.j.t.JMeterThread: Thread started: Ultimate Thread Group - addNew 1-64
2019-12-07 22:52:24,201 INFO o.a.j.t.JMeterThread: Thread started: Ultimate Thread Group - addNew 1-52
2019-12-07 22:52:24,201 INFO o.a.j.t.JMeterThread: Thread started: Ultimate Thread Group - addNew 1-81
2019-12-07 22:52:24,202 INFO o.a.j.t.JMeterThread: Thread started: Ultimate Thread Group - addNew 1-85
2019-12-07 22:52:24,202 INFO o.a.j.t.JMeterThread: Thread started: Ultimate Thread Group - addNew 1-84
2019-12-07 22:52:24,200 INFO o.a.j.t.JMeterThread: Thread started: Ultimate Thread Group - addNew 1-66
2019-12-07 22:52:24,202 INFO o.a.j.t.JMeterThread: Thread started: Ultimate Thread Group - addNew 1-80
2019-12-07 22:52:24,202 INFO o.a.j.t.JMeterThread: Thread started: Ultimate Thread Group - addNew 1-83
2019-12-07 22:52:24,202 INFO o.a.j.t.JMeterThread: Thread started: Ultimate Thread Group - addNew 1-100
2019-12-07 22:52:24,202 INFO o.a.j.t.JMeterThread: Thread started: Ultimate Thread Group - addNew 1-60
2019-12-07 22:52:24,202 INFO o.a.j.t.JMeterThread: Thread started: Ultimate Thread Group - addNew 1-82
2019-12-07 22:52:24,202 INFO o.a.j.t.JMeterThread: Thread started: Ultimate Thread Group - addNew 1-92
2019-12-07 22:52:24,203 INFO o.a.j.t.JMeterThread: Thread started: Ultimate Thread Group - addNew 1-86
2019-12-07 22:52:24,203 INFO o.a.j.t.JMeterThread: Thread started: Ultimate Thread Group - addNew 1-79
2019-12-07 22:52:24,203 INFO o.a.j.t.JMeterThread: Thread started: Ultimate Thread Group - addNew 1-59
2019-12-07 22:52:24,203 INFO o.a.j.t.JMeterThread: Thread started: Ultimate Thread Group - addNew 1-58
2019-12-07 22:52:24,204 INFO o.a.j.t.JMeterThread: Thread started: Ultimate Thread Group - addNew 1-51
2019-12-07 22:52:24,204 INFO o.a.j.t.JMeterThread: Thread started: Ultimate Thread Group - addNew 1-75
2019-12-07 22:52:24,204 INFO o.a.j.t.JMeterThread: Thread started: Ultimate Thread Group - addNew 1-78
2019-12-07 22:52:24,204 INFO o.a.j.t.JMeterThread: Thread started: Ultimate Thread Group - addNew 1-62
2019-12-07 22:52:24,205 INFO o.a.j.t.JMeterThread: Thread started: Ultimate Thread Group - addNew 1-55
2019-12-07 22:52:24,205 INFO o.a.j.t.JMeterThread: Thread started: Ultimate Thread Group - addNew 1-74
2019-12-07 22:52:24,205 INFO o.a.j.t.JMeterThread: Thread started: Ultimate Thread Group - addNew 1-54
2019-12-07 22:52:24,205 INFO o.a.j.t.JMeterThread: Thread started: Ultimate Thread Group - addNew 1-63
2019-12-07 22:52:24,205 INFO o.a.j.t.JMeterThread: Thread started: Ultimate Thread Group - addNew 1-71
2019-12-07 22:52:24,206 INFO o.a.j.t.JMeterThread: Thread started: Ultimate Thread Group - addNew 1-94
2019-12-07 22:52:24,206 INFO o.a.j.t.JMeterThread: Thread started: Ultimate Thread Group - addNew 1-70
2019-12-07 22:52:24,206 INFO o.a.j.t.JMeterThread: Thread started: Ultimate Thread Group - addNew 1-67
2019-12-07 22:52:24,206 INFO o.a.j.t.JMeterThread: Thread started: Ultimate Thread Group - addNew 1-91
2019-12-07 22:52:24,206 INFO o.a.j.t.JMeterThread: Thread started: Ultimate Thread Group - addNew 1-87
2019-12-07 22:52:30,009 INFO o.a.j.r.Summariser: Generate Summary Results +    389 in 00:00:16 =   24.5/s Avg:  2304 Min:   621 Max:  4806 Err:     0 (0.00%) Active: 100 Started: 100 Finished: 0
2019-12-07 22:52:30,009 INFO o.a.j.r.Summariser: summary +    389 in 00:00:16 =   24.5/s Avg:  2304 Min:   621 Max:  4806 Err:     0 (0.00%) Active: 100 Started: 100 Finished: 0
2019-12-07 22:52:34,195 INFO o.a.j.t.JMeterThread: Thread started: Ultimate Thread Group - addNew 1-137
2019-12-07 22:52:34,195 INFO o.a.j.t.JMeterThread: Thread started: Ultimate Thread Group - addNew 1-125
2019-12-07 22:52:34,195 INFO o.a.j.t.JMeterThread: Thread started: Ultimate Thread Group - addNew 1-112
2019-12-07 22:52:34,195 INFO o.a.j.t.JMeterThread: Thread started: Ultimate Thread Group - addNew 1-123
2019-12-07 22:52:34,195 INFO o.a.j.t.JMeterThread: Thread started: Ultimate Thread Group - addNew 1-107
2019-12-07 22:52:34,195 INFO o.a.j.t.JMeterThread: Thread started: Ultimate Thread Group - addNew 1-146
2019-12-07 22:52:34,195 INFO o.a.j.t.JMeterThread: Thread started: Ultimate Thread Group - addNew 1-116
2019-12-07 22:52:34,195 INFO o.a.j.t.JMeterThread: Thread started: Ultimate Thread Group - addNew 1-120
2019-12-07 22:52:34,195 INFO o.a.j.t.JMeterThread: Thread started: Ultimate Thread Group - addNew 1-105
2019-12-07 22:52:34,195 INFO o.a.j.t.JMeterThread: Thread started: Ultimate Thread Group - addNew 1-109
2019-12-07 22:52:34,195 INFO o.a.j.t.JMeterThread: Thread started: Ultimate Thread Group - addNew 1-128
2019-12-07 22:52:34,195 INFO o.a.j.t.JMeterThread: Thread started: Ultimate Thread Group - addNew 1-131
2019-12-07 22:52:34,195 INFO o.a.j.t.JMeterThread: Thread started: Ultimate Thread Group - addNew 1-140
2019-12-07 22:52:34,196 INFO o.a.j.t.JMeterThread: Thread started: Ultimate Thread Group - addNew 1-130
2019-12-07 22:52:34,196 INFO o.a.j.t.JMeterThread: Thread started: Ultimate Thread Group - addNew 1-121
2019-12-07 22:52:34,196 INFO o.a.j.t.JMeterThread: Thread started: Ultimate Thread Group - addNew 1-108
2019-12-07 22:52:34,196 INFO o.a.j.t.JMeterThread: Thread started: Ultimate Thread Group - addNew 1-113
2019-12-07 22:52:34,196 INFO o.a.j.t.JMeterThread: Thread started: Ultimate Thread Group - addNew 1-144
2019-12-07 22:52:34,196 INFO o.a.j.t.JMeterThread: Thread started: Ultimate Thread Group - addNew 1-111
2019-12-07 22:52:34,196 INFO o.a.j.t.JMeterThread: Thread started: Ultimate Thread Group - addNew 1-117
2019-12-07 22:52:34,196 INFO o.a.j.t.JMeterThread: Thread started: Ultimate Thread Group - addNew 1-136
2019-12-07 22:52:34,196 INFO o.a.j.t.JMeterThread: Thread started: Ultimate Thread Group - addNew 1-129
2019-12-07 22:52:34,196 INFO o.a.j.t.JMeterThread: Thread started: Ultimate Thread Group - addNew 1-106
2019-12-07 22:52:34,197 INFO o.a.j.t.JMeterThread: Thread started: Ultimate Thread Group - addNew 1-141
2019-12-07 22:52:34,197 INFO o.a.j.t.JMeterThread: Thread started: Ultimate Thread Group - addNew 1-124
2019-12-07 22:52:34,197 INFO o.a.j.t.JMeterThread: Thread started: Ultimate Thread Group - addNew 1-103
2019-12-07 22:52:34,197 INFO o.a.j.t.JMeterThread: Thread started: Ultimate Thread Group - addNew 1-148
2019-12-07 22:52:34,197 INFO o.a.j.t.JMeterThread: Thread started: Ultimate Thread Group - addNew 1-119
2019-12-07 22:52:34,197 INFO o.a.j.t.JMeterThread: Thread started: Ultimate Thread Group - addNew 1-104
2019-12-07 22:52:34,197 INFO o.a.j.t.JMeterThread: Thread started: Ultimate Thread Group - addNew 1-101
2019-12-07 22:52:34,197 INFO o.a.j.t.JMeterThread: Thread started: Ultimate Thread Group - addNew 1-149
2019-12-07 22:52:34,197 INFO o.a.j.t.JMeterThread: Thread started: Ultimate Thread Group - addNew 1-115
2019-12-07 22:52:34,198 INFO o.a.j.t.JMeterThread: Thread started: Ultimate Thread Group - addNew 1-143
2019-12-07 22:52:34,198 INFO o.a.j.t.JMeterThread: Thread started: Ultimate Thread Group - addNew 1-135
2019-12-07 22:52:34,198 INFO o.a.j.t.JMeterThread: Thread started: Ultimate Thread Group - addNew 1-118
2019-12-07 22:52:34,199 INFO o.a.j.t.JMeterThread: Thread started: Ultimate Thread Group - addNew 1-127
2019-12-07 22:52:34,199 INFO o.a.j.t.JMeterThread: Thread started: Ultimate Thread Group - addNew 1-114
2019-12-07 22:52:34,199 INFO o.a.j.t.JMeterThread: Thread started: Ultimate Thread Group - addNew 1-133
2019-12-07 22:52:34,199 INFO o.a.j.t.JMeterThread: Thread started: Ultimate Thread Group - addNew 1-122
2019-12-07 22:52:34,198 INFO o.a.j.t.JMeterThread: Thread started: Ultimate Thread Group - addNew 1-145
2019-12-07 22:52:34,200 INFO o.a.j.t.JMeterThread: Thread started: Ultimate Thread Group - addNew 1-142
2019-12-07 22:52:34,200 INFO o.a.j.t.JMeterThread: Thread started: Ultimate Thread Group - addNew 1-147
2019-12-07 22:52:34,200 INFO o.a.j.t.JMeterThread: Thread started: Ultimate Thread Group - addNew 1-138
2019-12-07 22:52:34,200 INFO o.a.j.t.JMeterThread: Thread started: Ultimate Thread Group - addNew 1-150
2019-12-07 22:52:34,200 INFO o.a.j.t.JMeterThread: Thread started: Ultimate Thread Group - addNew 1-132
2019-12-07 22:52:34,200 INFO o.a.j.t.JMeterThread: Thread started: Ultimate Thread Group - addNew 1-139
2019-12-07 22:52:34,200 INFO o.a.j.t.JMeterThread: Thread started: Ultimate Thread Group - addNew 1-102
2019-12-07 22:52:34,200 INFO o.a.j.t.JMeterThread: Thread started: Ultimate Thread Group - addNew 1-126
2019-12-07 22:52:34,200 INFO o.a.j.t.JMeterThread: Thread started: Ultimate Thread Group - addNew 1-110
2019-12-07 22:52:34,200 INFO o.a.j.t.JMeterThread: Thread started: Ultimate Thread Group - addNew 1-134
2019-12-07 22:52:44,195 INFO o.a.j.t.JMeterThread: Thread started: Ultimate Thread Group - addNew 1-197
2019-12-07 22:52:44,195 INFO o.a.j.t.JMeterThread: Thread started: Ultimate Thread Group - addNew 1-167
2019-12-07 22:52:44,195 INFO o.a.j.t.JMeterThread: Thread started: Ultimate Thread Group - addNew 1-161
2019-12-07 22:52:44,195 INFO o.a.j.t.JMeterThread: Thread started: Ultimate Thread Group - addNew 1-194
2019-12-07 22:52:44,195 INFO o.a.j.t.JMeterThread: Thread started: Ultimate Thread Group - addNew 1-193
2019-12-07 22:52:44,195 INFO o.a.j.t.JMeterThread: Thread started: Ultimate Thread Group - addNew 1-154
2019-12-07 22:52:44,196 INFO o.a.j.t.JMeterThread: Thread started: Ultimate Thread Group - addNew 1-190
2019-12-07 22:52:44,195 INFO o.a.j.t.JMeterThread: Thread started: Ultimate Thread Group - addNew 1-173
2019-12-07 22:52:44,196 INFO o.a.j.t.JMeterThread: Thread started: Ultimate Thread Group - addNew 1-187
2019-12-07 22:52:44,196 INFO o.a.j.t.JMeterThread: Thread started: Ultimate Thread Group - addNew 1-191
2019-12-07 22:52:44,196 INFO o.a.j.t.JMeterThread: Thread started: Ultimate Thread Group - addNew 1-199
2019-12-07 22:52:44,196 INFO o.a.j.t.JMeterThread: Thread started: Ultimate Thread Group - addNew 1-155
2019-12-07 22:52:44,196 INFO o.a.j.t.JMeterThread: Thread started: Ultimate Thread Group - addNew 1-163
2019-12-07 22:52:44,196 INFO o.a.j.t.JMeterThread: Thread started: Ultimate Thread Group - addNew 1-152
2019-12-07 22:52:44,196 INFO o.a.j.t.JMeterThread: Thread started: Ultimate Thread Group - addNew 1-158
2019-12-07 22:52:44,196 INFO o.a.j.t.JMeterThread: Thread started: Ultimate Thread Group - addNew 1-174
2019-12-07 22:52:44,197 INFO o.a.j.t.JMeterThread: Thread started: Ultimate Thread Group - addNew 1-169
2019-12-07 22:52:44,197 INFO o.a.j.t.JMeterThread: Thread started: Ultimate Thread Group - addNew 1-182
2019-12-07 22:52:44,197 INFO o.a.j.t.JMeterThread: Thread started: Ultimate Thread Group - addNew 1-183
2019-12-07 22:52:44,197 INFO o.a.j.t.JMeterThread: Thread started: Ultimate Thread Group - addNew 1-186
2019-12-07 22:52:44,197 INFO o.a.j.t.JMeterThread: Thread started: Ultimate Thread Group - addNew 1-180
2019-12-07 22:52:44,197 INFO o.a.j.t.JMeterThread: Thread started: Ultimate Thread Group - addNew 1-151
2019-12-07 22:52:44,197 INFO o.a.j.t.JMeterThread: Thread started: Ultimate Thread Group - addNew 1-179
2019-12-07 22:52:44,197 INFO o.a.j.t.JMeterThread: Thread started: Ultimate Thread Group - addNew 1-160
2019-12-07 22:52:44,197 INFO o.a.j.t.JMeterThread: Thread started: Ultimate Thread Group - addNew 1-178
2019-12-07 22:52:44,197 INFO o.a.j.t.JMeterThread: Thread started: Ultimate Thread Group - addNew 1-196
2019-12-07 22:52:44,197 INFO o.a.j.t.JMeterThread: Thread started: Ultimate Thread Group - addNew 1-171
2019-12-07 22:52:44,197 INFO o.a.j.t.JMeterThread: Thread started: Ultimate Thread Group - addNew 1-181
2019-12-07 22:52:44,197 INFO o.a.j.t.JMeterThread: Thread started: Ultimate Thread Group - addNew 1-162
2019-12-07 22:52:44,197 INFO o.a.j.t.JMeterThread: Thread started: Ultimate Thread Group - addNew 1-175
2019-12-07 22:52:44,198 INFO o.a.j.t.JMeterThread: Thread started: Ultimate Thread Group - addNew 1-195
2019-12-07 22:52:44,197 INFO o.a.j.t.JMeterThread: Thread started: Ultimate Thread Group - addNew 1-157
2019-12-07 22:52:44,198 INFO o.a.j.t.JMeterThread: Thread started: Ultimate Thread Group - addNew 1-170
2019-12-07 22:52:44,198 INFO o.a.j.t.JMeterThread: Thread started: Ultimate Thread Group - addNew 1-159
2019-12-07 22:52:44,198 INFO o.a.j.t.JMeterThread: Thread started: Ultimate Thread Group - addNew 1-166
2019-12-07 22:52:44,198 INFO o.a.j.t.JMeterThread: Thread started: Ultimate Thread Group - addNew 1-172
2019-12-07 22:52:44,198 INFO o.a.j.t.JMeterThread: Thread started: Ultimate Thread Group - addNew 1-198
2019-12-07 22:52:44,198 INFO o.a.j.t.JMeterThread: Thread started: Ultimate Thread Group - addNew 1-153
2019-12-07 22:52:44,198 INFO o.a.j.t.JMeterThread: Thread started: Ultimate Thread Group - addNew 1-184
2019-12-07 22:52:44,198 INFO o.a.j.t.JMeterThread: Thread started: Ultimate Thread Group - addNew 1-164
2019-12-07 22:52:44,198 INFO o.a.j.t.JMeterThread: Thread started: Ultimate Thread Group - addNew 1-156
2019-12-07 22:52:44,198 INFO o.a.j.t.JMeterThread: Thread started: Ultimate Thread Group - addNew 1-176
2019-12-07 22:52:44,198 INFO o.a.j.t.JMeterThread: Thread started: Ultimate Thread Group - addNew 1-165
2019-12-07 22:52:44,198 INFO o.a.j.t.JMeterThread: Thread started: Ultimate Thread Group - addNew 1-177
2019-12-07 22:52:44,199 INFO o.a.j.t.JMeterThread: Thread started: Ultimate Thread Group - addNew 1-188
2019-12-07 22:52:44,199 INFO o.a.j.t.JMeterThread: Thread started: Ultimate Thread Group - addNew 1-168
2019-12-07 22:52:44,199 INFO o.a.j.t.JMeterThread: Thread started: Ultimate Thread Group - addNew 1-200
2019-12-07 22:52:44,199 INFO o.a.j.t.JMeterThread: Thread started: Ultimate Thread Group - addNew 1-185
2019-12-07 22:52:44,199 INFO o.a.j.t.JMeterThread: Thread started: Ultimate Thread Group - addNew 1-189
2019-12-07 22:52:44,199 INFO o.a.j.t.JMeterThread: Thread started: Ultimate Thread Group - addNew 1-192
2019-12-07 22:52:54,195 INFO o.a.j.t.JMeterThread: Thread started: Ultimate Thread Group - addNew 1-218
2019-12-07 22:52:54,195 INFO o.a.j.t.JMeterThread: Thread started: Ultimate Thread Group - addNew 1-215
2019-12-07 22:52:54,195 INFO o.a.j.t.JMeterThread: Thread started: Ultimate Thread Group - addNew 1-226
2019-12-07 22:52:54,195 INFO o.a.j.t.JMeterThread: Thread started: Ultimate Thread Group - addNew 1-207
2019-12-07 22:52:54,195 INFO o.a.j.t.JMeterThread: Thread started: Ultimate Thread Group - addNew 1-209
2019-12-07 22:52:54,195 INFO o.a.j.t.JMeterThread: Thread started: Ultimate Thread Group - addNew 1-211
2019-12-07 22:52:54,195 INFO o.a.j.t.JMeterThread: Thread started: Ultimate Thread Group - addNew 1-230
2019-12-07 22:52:54,196 INFO o.a.j.t.JMeterThread: Thread started: Ultimate Thread Group - addNew 1-227
2019-12-07 22:52:54,196 INFO o.a.j.t.JMeterThread: Thread started: Ultimate Thread Group - addNew 1-234
2019-12-07 22:52:54,196 INFO o.a.j.t.JMeterThread: Thread started: Ultimate Thread Group - addNew 1-231
2019-12-07 22:52:54,195 INFO o.a.j.t.JMeterThread: Thread started: Ultimate Thread Group - addNew 1-244
2019-12-07 22:52:54,195 INFO o.a.j.t.JMeterThread: Thread started: Ultimate Thread Group - addNew 1-229
2019-12-07 22:52:54,196 INFO o.a.j.t.JMeterThread: Thread started: Ultimate Thread Group - addNew 1-235
2019-12-07 22:52:54,196 INFO o.a.j.t.JMeterThread: Thread started: Ultimate Thread Group - addNew 1-219
2019-12-07 22:52:54,195 INFO o.a.j.t.JMeterThread: Thread started: Ultimate Thread Group - addNew 1-214
2019-12-07 22:52:54,196 INFO o.a.j.t.JMeterThread: Thread started: Ultimate Thread Group - addNew 1-220
2019-12-07 22:52:54,196 INFO o.a.j.t.JMeterThread: Thread started: Ultimate Thread Group - addNew 1-202
2019-12-07 22:52:54,195 INFO o.a.j.t.JMeterThread: Thread started: Ultimate Thread Group - addNew 1-228
2019-12-07 22:52:54,197 INFO o.a.j.t.JMeterThread: Thread started: Ultimate Thread Group - addNew 1-245
2019-12-07 22:52:54,197 INFO o.a.j.t.JMeterThread: Thread started: Ultimate Thread Group - addNew 1-242
2019-12-07 22:52:54,197 INFO o.a.j.t.JMeterThread: Thread started: Ultimate Thread Group - addNew 1-232
2019-12-07 22:52:54,197 INFO o.a.j.t.JMeterThread: Thread started: Ultimate Thread Group - addNew 1-239
2019-12-07 22:52:54,197 INFO o.a.j.t.JMeterThread: Thread started: Ultimate Thread Group - addNew 1-205
2019-12-07 22:52:54,197 INFO o.a.j.t.JMeterThread: Thread started: Ultimate Thread Group - addNew 1-210
2019-12-07 22:52:54,197 INFO o.a.j.t.JMeterThread: Thread started: Ultimate Thread Group - addNew 1-246
2019-12-07 22:52:54,197 INFO o.a.j.t.JMeterThread: Thread started: Ultimate Thread Group - addNew 1-224
2019-12-07 22:52:54,197 INFO o.a.j.t.JMeterThread: Thread started: Ultimate Thread Group - addNew 1-250
2019-12-07 22:52:54,197 INFO o.a.j.t.JMeterThread: Thread started: Ultimate Thread Group - addNew 1-201
2019-12-07 22:52:54,197 INFO o.a.j.t.JMeterThread: Thread started: Ultimate Thread Group - addNew 1-212
2019-12-07 22:52:54,197 INFO o.a.j.t.JMeterThread: Thread started: Ultimate Thread Group - addNew 1-243
2019-12-07 22:52:54,198 INFO o.a.j.t.JMeterThread: Thread started: Ultimate Thread Group - addNew 1-223
2019-12-07 22:52:54,198 INFO o.a.j.t.JMeterThread: Thread started: Ultimate Thread Group - addNew 1-249
2019-12-07 22:52:54,198 INFO o.a.j.t.JMeterThread: Thread started: Ultimate Thread Group - addNew 1-238
2019-12-07 22:52:54,198 INFO o.a.j.t.JMeterThread: Thread started: Ultimate Thread Group - addNew 1-222
2019-12-07 22:52:54,198 INFO o.a.j.t.JMeterThread: Thread started: Ultimate Thread Group - addNew 1-221
2019-12-07 22:52:54,198 INFO o.a.j.t.JMeterThread: Thread started: Ultimate Thread Group - addNew 1-247
2019-12-07 22:52:54,198 INFO o.a.j.t.JMeterThread: Thread started: Ultimate Thread Group - addNew 1-248
2019-12-07 22:52:54,198 INFO o.a.j.t.JMeterThread: Thread started: Ultimate Thread Group - addNew 1-206
2019-12-07 22:52:54,198 INFO o.a.j.t.JMeterThread: Thread started: Ultimate Thread Group - addNew 1-203
2019-12-07 22:52:54,198 INFO o.a.j.t.JMeterThread: Thread started: Ultimate Thread Group - addNew 1-204
2019-12-07 22:52:54,199 INFO o.a.j.t.JMeterThread: Thread started: Ultimate Thread Group - addNew 1-240
2019-12-07 22:52:54,199 INFO o.a.j.t.JMeterThread: Thread started: Ultimate Thread Group - addNew 1-241
2019-12-07 22:52:54,199 INFO o.a.j.t.JMeterThread: Thread started: Ultimate Thread Group - addNew 1-213
2019-12-07 22:52:54,199 INFO o.a.j.t.JMeterThread: Thread started: Ultimate Thread Group - addNew 1-216
2019-12-07 22:52:54,199 INFO o.a.j.t.JMeterThread: Thread started: Ultimate Thread Group - addNew 1-237
2019-12-07 22:52:54,199 INFO o.a.j.t.JMeterThread: Thread started: Ultimate Thread Group - addNew 1-217
2019-12-07 22:52:54,199 INFO o.a.j.t.JMeterThread: Thread started: Ultimate Thread Group - addNew 1-208
2019-12-07 22:52:54,199 INFO o.a.j.t.JMeterThread: Thread started: Ultimate Thread Group - addNew 1-225
2019-12-07 22:52:54,199 INFO o.a.j.t.JMeterThread: Thread started: Ultimate Thread Group - addNew 1-236
2019-12-07 22:52:54,199 INFO o.a.j.t.JMeterThread: Thread started: Ultimate Thread Group - addNew 1-233
2019-12-07 22:53:00,089 INFO o.a.j.r.Summariser: Generate Summary Results +    912 in 00:00:30 =   30.3/s Avg:  4685 Min:  2601 Max:  9591 Err:     0 (0.00%) Active: 250 Started: 250 Finished: 0
2019-12-07 22:53:00,090 INFO o.a.j.r.Summariser: Generate Summary Results =   1301 in 00:00:46 =   28.3/s Avg:  3973 Min:   621 Max:  9591 Err:     0 (0.00%)
2019-12-07 22:53:00,090 INFO o.a.j.r.Summariser: summary +    912 in 00:00:30 =   30.3/s Avg:  4685 Min:  2601 Max:  9591 Err:     0 (0.00%) Active: 250 Started: 250 Finished: 0
2019-12-07 22:53:00,091 INFO o.a.j.r.Summariser: summary =   1301 in 00:00:46 =   28.3/s Avg:  3973 Min:   621 Max:  9591 Err:     0 (0.00%)
